Using pre-set license
Built from '6000.0/staging' branch; Version is '6000.0.34f1 (5ab2d9ed9190) revision 5944025'; Using compiler version '193933523'; Build Type 'Release'
OS: 'Windows 11  (10.0.26100) 64bit CoreCountrySpecific' Language: 'zh' Physical Memory: 32620 MB
BatchMode: 1, IsHumanControllingUs: 0, StartBugReporterOnCrash: 0, Is64bit: 1, IsPro: 1

COMMAND LINE ARGUMENTS:
D:\Unity\6000.0.34f1\Editor\Unity.exe
-adb2
-batchMode
-noUpm
-name
AssetImportWorker4
-projectPath
D:/CaesarProject/VR Archery
-logFile
Logs/AssetImportWorker4.log
-srvPort
63238
-job-worker-count
7
-background-job-worker-count
8
-gc-helper-count
1
Successfully changed project path to: D:/CaesarProject/VR Archery
D:/CaesarProject/VR Archery
[UnityMemory] Configuration Parameters - Can be set up in boot.config
    "memorysetup-bucket-allocator-granularity=16"
    "memorysetup-bucket-allocator-bucket-count=8"
    "memorysetup-bucket-allocator-block-size=33554432"
    "memorysetup-bucket-allocator-block-count=8"
    "memorysetup-main-allocator-block-size=16777216"
    "memorysetup-thread-allocator-block-size=16777216"
    "memorysetup-gfx-main-allocator-block-size=16777216"
    "memorysetup-gfx-thread-allocator-block-size=16777216"
    "memorysetup-cache-allocator-block-size=4194304"
    "memorysetup-typetree-allocator-block-size=2097152"
    "memorysetup-profiler-bucket-allocator-granularity=16"
    "memorysetup-profiler-bucket-allocator-bucket-count=8"
    "memorysetup-profiler-bucket-allocator-block-size=33554432"
    "memorysetup-profiler-bucket-allocator-block-count=8"
    "memorysetup-profiler-allocator-block-size=16777216"
    "memorysetup-profiler-editor-allocator-block-size=1048576"
    "memorysetup-temp-allocator-size-main=16777216"
    "memorysetup-job-temp-allocator-block-size=2097152"
    "memorysetup-job-temp-allocator-block-size-background=1048576"
    "memorysetup-job-temp-allocator-reduction-small-platforms=262144"
    "memorysetup-allocator-temp-initial-block-size-main=262144"
    "memorysetup-allocator-temp-initial-block-size-worker=262144"
    "memorysetup-temp-allocator-size-background-worker=32768"
    "memorysetup-temp-allocator-size-job-worker=262144"
    "memorysetup-temp-allocator-size-preload-manager=33554432"
    "memorysetup-temp-allocator-size-nav-mesh-worker=65536"
    "memorysetup-temp-allocator-size-audio-worker=65536"
    "memorysetup-temp-allocator-size-cloud-worker=32768"
    "memorysetup-temp-allocator-size-gi-baking-worker=262144"
    "memorysetup-temp-allocator-size-gi-baking-worker=262144"
    "memorysetup-temp-allocator-size-gi-baking-worker=262144"
    "memorysetup-temp-allocator-size-gi-baking-worker=262144"
    "memorysetup-temp-allocator-size-gi-baking-worker=262144"
    "memorysetup-temp-allocator-size-gfx=262144"
Player connection [27364]  Target information:

Player connection [27364]  * "[IP] 192.168.255.1 [Port] 0 [Flags] 2 [Guid] 3722860210 [EditorId] 3722860210 [Version] 1048832 [Id] WindowsEditor(7,CaesarsLEGION) [Debug] 1 [PackageName] WindowsEditor [ProjectName] Editor" 

Player connection [27364]  * "[IP] 192.168.161.1 [Port] 0 [Flags] 2 [Guid] 3722860210 [EditorId] 3722860210 [Version] 1048832 [Id] WindowsEditor(7,CaesarsLEGION) [Debug] 1 [PackageName] WindowsEditor [ProjectName] Editor" 

Player connection [27364]  * "[IP] 10.191.73.52 [Port] 0 [Flags] 2 [Guid] 3722860210 [EditorId] 3722860210 [Version] 1048832 [Id] WindowsEditor(7,CaesarsLEGION) [Debug] 1 [PackageName] WindowsEditor [ProjectName] Editor" 

Player connection [27364] Host joined multi-casting on [225.0.0.222:54997]...
Player connection [27364] Host joined alternative multi-casting on [225.0.0.222:34997]...
JobSystem: Creating JobQueue using job-worker-count value 7
Input System module state changed to: Initialized.
[Physics::Module] Initialized fallback backend.
[Physics::Module] Id: 0xdecafbad
Library Redirect Path: Library/
[Physics::Module] Selected backend.
[Physics::Module] Name: PhysX
[Physics::Module] Id: 0xf2b8ea05
[Physics::Module] SDK Version: 4.1.2
[Physics::Module] Integration Version: 1.0.0
[Physics::Module] Threading Mode: Multi-Threaded
Refreshing native plugins compatible for Editor in 48.19 ms, found 23 plugins.
Unity memory allocator detected: MetaXRAudio native memory allocations will be tracked.
Preloading 3 native plugins for Editor in 6.19 ms.
Initialize engine version: 6000.0.34f1 (5ab2d9ed9190)
[Subsystems] Discovering subsystems at path D:/Unity/6000.0.34f1/Editor/Data/Resources/UnitySubsystems
[Subsystems] Discovering subsystems at path D:/CaesarProject/VR Archery/Assets
GfxDevice: creating device client; kGfxThreadingModeNonThreaded
Direct3D:
    Version:  Direct3D 11.0 [level 11.1]
    Renderer: NVIDIA GeForce RTX 3060 Laptop GPU (ID=0x2560)
    Vendor:   NVIDIA
    VRAM:     5996 MB
    Driver:   32.0.15.7700
Shader 'Meta/MRUK/Scene/HighlightsAndShadows': fallback shader 'Off' not found
Shader 'Oculus/OVRMRCameraFrameLit': fallback shader 'Alpha-Diffuse' not found
Initialize mono
Mono path[0] = 'D:/Unity/6000.0.34f1/Editor/Data/Managed'
Mono path[1] = 'D:/Unity/6000.0.34f1/Editor/Data/MonoBleedingEdge/lib/mono/unityjit-win32'
Mono config path = 'D:/Unity/6000.0.34f1/Editor/Data/MonoBleedingEdge/etc'
Using monoOptions --debugger-agent=transport=dt_socket,embedding=1,server=y,suspend=n,address=127.0.0.1:56620
Begin MonoManager ReloadAssembly
Registering precompiled unity dll's ...
Register platform support module: D:/Unity/6000.0.34f1/Editor/Data/PlaybackEngines/WindowsStandaloneSupport/UnityEditor.WindowsStandalone.Extensions.dll
Register platform support module: D:/Unity/6000.0.34f1/Editor/Data/PlaybackEngines/AndroidPlayer/UnityEditor.Android.Extensions.dll
Registered in 0.006458 seconds.
- Loaded All Assemblies, in  0.649 seconds
Native extension for Android target not found
Android Extension - Scanning For ADB Devices 637 ms
Native extension for WindowsStandalone target not found
Mono: successfully reloaded assembly
- Finished resetting the current domain, in  1.207 seconds
Domain Reload Profiling: 1855ms
	BeginReloadAssembly (261ms)
		ExecutionOrderSort (0ms)
		DisableScriptedObjects (0ms)
		BackupInstance (0ms)
		ReleaseScriptingObjects (0ms)
		CreateAndSetChildDomain (1ms)
	RebuildCommonClasses (55ms)
	RebuildNativeTypeToScriptingClass (14ms)
	initialDomainReloadingComplete (69ms)
	LoadAllAssembliesAndSetupDomain (248ms)
		LoadAssemblies (261ms)
		RebuildTransferFunctionScriptingTraits (0ms)
		AnalyzeDomain (243ms)
			TypeCache.Refresh (241ms)
				TypeCache.ScanAssembly (225ms)
			BuildScriptInfoCaches (0ms)
			ResolveRequiredComponents (1ms)
	FinalizeReload (1207ms)
		ReleaseScriptCaches (0ms)
		RebuildScriptCaches (0ms)
		SetupLoadedEditorAssemblies (1159ms)
			LogAssemblyErrors (0ms)
			InitializePlatformSupportModulesInManaged (785ms)
			SetLoadedEditorAssemblies (5ms)
			BeforeProcessingInitializeOnLoad (73ms)
			ProcessInitializeOnLoadAttributes (188ms)
			ProcessInitializeOnLoadMethodAttributes (108ms)
			AfterProcessingInitializeOnLoad (0ms)
			EditorAssembliesLoaded (0ms)
		ExecutionOrderSort2 (0ms)
		AwakeInstancesAfterBackupRestoration (0ms)
========================================================================
Worker process is ready to serve import requests
Import Worker Mode flag is 0x00
Begin MonoManager ReloadAssembly
Symbol file LoadedFromMemory is not a mono symbol file
- Loaded All Assemblies, in  1.542 seconds
Script 'CharacterController' has the same name as built-in Unity component.
AddComponent and GetComponent will not work with this script.
'Packages/com.meta.xr.sdk.core/Editor/BuildingBlocks/BlocksWindow.cs' contains partial class of Unity.Object, exactly 1 of the partial classes needs to be in a file with the same filename. This is to know the one that can be referenced from ie. GameObjects
'Packages/com.meta.xr.sdk.core/Editor/BuildingBlocks/BlocksWindowDetailsExtension.cs' contains partial class of Unity.Object, exactly 1 of the partial classes needs to be in a file with the same filename. This is to know the one that can be referenced from ie. GameObjects
'Packages/com.meta.xr.sdk.core/Editor/BuildingBlocks/BlocksWindowCollectionsPageExtension.cs' contains partial class of Unity.Object, exactly 1 of the partial classes needs to be in a file with the same filename. This is to know the one that can be referenced from ie. GameObjects
Refreshing native plugins compatible for Editor in 29.26 ms, found 23 plugins.
Native extension for Android target not found
Native extension for WindowsStandalone target not found
Package Manager log level set to [2]
[Package Manager] Failed to launch server process. Reason: Unity was launched with the -noUpm command-line argument
[Package Manager] Unable to send message (not connected to server process).
[Package Manager] Cannot connect to Unity Package Manager local server
[Package Manager] Failed to launch server process. Reason: Unity was launched with the -noUpm command-line argument
[Package Manager] Unable to send message (not connected to server process).
[Package Manager] Cannot connect to Unity Package Manager local server
Refreshing native plugins compatible for Editor in 33.58 ms, found 23 plugins.
  % Total    % Received % Xferd  Average Speed   Time    Time     Time  Current
                                 Dload  Upload   Total   Spent    Left  Speed
  0     0    0     0    0     0      0      0 --:--:-- --:--:-- --:--:--     0100    29    0    29    0     0    183      0 --:--:-- --:--:-- --:--:--   188
[Package Manager] Failed to launch server process. Reason: Unity was launched with the -noUpm command-line argument
[Package Manager] Unable to send message (not connected to server process).
[Package Manager] Cannot connect to Unity Package Manager local server
Mono: successfully reloaded assembly
[Package Manager] Failed to launch server process. Reason: Unity was launched with the -noUpm command-line argument
[Package Manager] Unable to send message (not connected to server process).
[Package Manager] Cannot connect to Unity Package Manager local server
[Package Manager] Failed to launch server process. Reason: Unity was launched with the -noUpm command-line argument
[Package Manager] Unable to send message (not connected to server process).
[Package Manager] Cannot connect to Unity Package Manager local server
- Finished resetting the current domain, in  1.946 seconds
Domain Reload Profiling: 3483ms
	BeginReloadAssembly (293ms)
		ExecutionOrderSort (0ms)
		DisableScriptedObjects (7ms)
		BackupInstance (0ms)
		ReleaseScriptingObjects (0ms)
		CreateAndSetChildDomain (40ms)
	RebuildCommonClasses (56ms)
	RebuildNativeTypeToScriptingClass (15ms)
	initialDomainReloadingComplete (36ms)
	LoadAllAssembliesAndSetupDomain (1138ms)
		LoadAssemblies (697ms)
		RebuildTransferFunctionScriptingTraits (0ms)
		AnalyzeDomain (651ms)
			TypeCache.Refresh (484ms)
				TypeCache.ScanAssembly (442ms)
			BuildScriptInfoCaches (140ms)
			ResolveRequiredComponents (22ms)
	FinalizeReload (1946ms)
		ReleaseScriptCaches (0ms)
		RebuildScriptCaches (0ms)
		SetupLoadedEditorAssemblies (1697ms)
			LogAssemblyErrors (0ms)
			InitializePlatformSupportModulesInManaged (14ms)
			SetLoadedEditorAssemblies (7ms)
			BeforeProcessingInitializeOnLoad (226ms)
			ProcessInitializeOnLoadAttributes (1257ms)
			ProcessInitializeOnLoadMethodAttributes (191ms)
			AfterProcessingInitializeOnLoad (2ms)
			EditorAssembliesLoaded (0ms)
		ExecutionOrderSort2 (0ms)
		AwakeInstancesAfterBackupRestoration (22ms)
Shader 'Oculus/OVRMRCameraFrameLit': fallback shader 'Alpha-Diffuse' not found
Shader 'Meta/MRUK/Scene/HighlightsAndShadows': fallback shader 'Off' not found
Launched and connected shader compiler UnityShaderCompiler.exe after 0.05 seconds
Refreshing native plugins compatible for Editor in 121.93 ms, found 23 plugins.
Preloading 3 native plugins for Editor in 0.31 ms.
Unloading 193 Unused Serialized files (Serialized files now loaded: 0)
Unloading 9791 unused Assets / (8.2 MB). Loaded Objects now: 10318.
Memory consumption went from 194.3 MB to 186.1 MB.
Total: 44.271600 ms (FindLiveObjects: 2.124100 ms CreateObjectMapping: 3.226800 ms MarkObjects: 31.985300 ms  DeleteObjects: 6.933400 ms)

========================================================================
Received Import Request.
  Time since last request: 1009.357853 seconds.
  path: Assets/BNG Framework/Prefabs/Weapons/Bullet.prefab
  artifactKey: Guid(1bd53d944b6ecd54e96e0d83f8256628) Importer(815301076,1909f56bfc062723c751e8b465ee728b)
Start importing Assets/BNG Framework/Prefabs/Weapons/Bullet.prefab using Guid(1bd53d944b6ecd54e96e0d83f8256628) Importer(815301076,1909f56bfc062723c751e8b465ee728b) (PreviewImporter) -> (artifact id: 'b75d965cb4e374ed8f7aa80b4319bf8a') in 0.2223914 seconds
Number of updated asset objects reloaded before import = 0Number of asset objects unloaded after import = 28

========================================================================
Received Import Request.
  Time since last request: 0.000033 seconds.
  path: Assets/BNG Framework/Prefabs/Weapons/Rifle.prefab
  artifactKey: Guid(c11d1066dc09d494d8acd9ca504d4de2) Importer(815301076,1909f56bfc062723c751e8b465ee728b)
Start importing Assets/BNG Framework/Prefabs/Weapons/Rifle.prefab using Guid(c11d1066dc09d494d8acd9ca504d4de2) Importer(815301076,1909f56bfc062723c751e8b465ee728b) (PreviewImporter) -> (artifact id: '99f7413662a3138efa27a4a7ebc2a333') in 0.1663843 seconds
Number of updated asset objects reloaded before import = 0Number of asset objects unloaded after import = 798

========================================================================
Received Import Request.
  Time since last request: 0.000043 seconds.
  path: Assets/BNG Framework/Prefabs/BulletHole.prefab
  artifactKey: Guid(fa39ce2ce96bec94b82f2c8124ce3930) Importer(815301076,1909f56bfc062723c751e8b465ee728b)
Start importing Assets/BNG Framework/Prefabs/BulletHole.prefab using Guid(fa39ce2ce96bec94b82f2c8124ce3930) Importer(815301076,1909f56bfc062723c751e8b465ee728b) (PreviewImporter) -> (artifact id: '15aadb2bc38e5e11226b574b8a3f8043') in 0.0330572 seconds
Number of updated asset objects reloaded before import = 0Number of asset objects unloaded after import = 24

========================================================================
Received Import Request.
  Time since last request: 0.000041 seconds.
  path: Assets/BNG Framework/Prefabs/Desk.prefab
  artifactKey: Guid(a789d0b9ce34ff842880e59ef8261779) Importer(815301076,1909f56bfc062723c751e8b465ee728b)
Start importing Assets/BNG Framework/Prefabs/Desk.prefab using Guid(a789d0b9ce34ff842880e59ef8261779) Importer(815301076,1909f56bfc062723c751e8b465ee728b) (PreviewImporter) -> (artifact id: 'f1d08276e0ad7434d3ed0a74b2b62540') in 0.0277575 seconds
Number of updated asset objects reloaded before import = 0Number of asset objects unloaded after import = 75

========================================================================
Received Import Request.
  Time since last request: 0.000022 seconds.
  path: Assets/BNG Framework/Prefabs/Weapons/RevolverBullet.prefab
  artifactKey: Guid(509e95e5b731ed044a57d7fc179d3500) Importer(815301076,1909f56bfc062723c751e8b465ee728b)
Start importing Assets/BNG Framework/Prefabs/Weapons/RevolverBullet.prefab using Guid(509e95e5b731ed044a57d7fc179d3500) Importer(815301076,1909f56bfc062723c751e8b465ee728b) (PreviewImporter) -> (artifact id: 'bec8121579811dda73b612d317a56693') in 0.0277801 seconds
Number of updated asset objects reloaded before import = 0Number of asset objects unloaded after import = 55

========================================================================
Received Import Request.
  Time since last request: 0.000028 seconds.
  path: Assets/BNG Framework/Prefabs/Crate.prefab
  artifactKey: Guid(10c35245ad06ce54889312401eb6fb81) Importer(815301076,1909f56bfc062723c751e8b465ee728b)
Start importing Assets/BNG Framework/Prefabs/Crate.prefab using Guid(10c35245ad06ce54889312401eb6fb81) Importer(815301076,1909f56bfc062723c751e8b465ee728b) (PreviewImporter) -> (artifact id: '725cbe2fc6d19a1e4b644e55b2e529de') in 0.0424392 seconds
Number of updated asset objects reloaded before import = 0Number of asset objects unloaded after import = 259

========================================================================
Received Import Request.
  Time since last request: 0.000030 seconds.
  path: Assets/BNG Framework/Prefabs/LaserSword.prefab
  artifactKey: Guid(5b704853ebc7792498ed95ae5410a7c2) Importer(815301076,1909f56bfc062723c751e8b465ee728b)
Start importing Assets/BNG Framework/Prefabs/LaserSword.prefab using Guid(5b704853ebc7792498ed95ae5410a7c2) Importer(815301076,1909f56bfc062723c751e8b465ee728b) (PreviewImporter) -> (artifact id: '7474603254acff8ee821ca3784344a9e') in 0.0189064 seconds
Number of updated asset objects reloaded before import = 0Number of asset objects unloaded after import = 63

========================================================================
Received Import Request.
  Time since last request: 0.000025 seconds.
  path: Assets/BNG Framework/Prefabs/BowNew.prefab
  artifactKey: Guid(980a21778f791c443bf58c4c2a9651cd) Importer(815301076,1909f56bfc062723c751e8b465ee728b)
Start importing Assets/BNG Framework/Prefabs/BowNew.prefab using Guid(980a21778f791c443bf58c4c2a9651cd) Importer(815301076,1909f56bfc062723c751e8b465ee728b) (PreviewImporter) -> (artifact id: '7eef5987bebae1b0603b1b20efe7c874') in 0.0825957 seconds
Number of updated asset objects reloaded before import = 0Number of asset objects unloaded after import = 169

========================================================================
Received Import Request.
  Time since last request: 0.000032 seconds.
  path: Assets/BNG Framework/Prefabs/Bat 2H.prefab
  artifactKey: Guid(4d1f6770a1232804db34e20b067f2acd) Importer(815301076,1909f56bfc062723c751e8b465ee728b)
Start importing Assets/BNG Framework/Prefabs/Bat 2H.prefab using Guid(4d1f6770a1232804db34e20b067f2acd) Importer(815301076,1909f56bfc062723c751e8b465ee728b) (PreviewImporter) -> (artifact id: 'd1b66cea0ed331bf6159d7eae2476e11') in 0.0951976 seconds
Number of updated asset objects reloaded before import = 0Number of asset objects unloaded after import = 148

========================================================================
Received Import Request.
  Time since last request: 0.000037 seconds.
  path: Assets/BNG Framework/Prefabs/Weapons/PistolSilenced.prefab
  artifactKey: Guid(9f71a5ca74b14ff4a89316cd9faf9208) Importer(815301076,1909f56bfc062723c751e8b465ee728b)
Start importing Assets/BNG Framework/Prefabs/Weapons/PistolSilenced.prefab using Guid(9f71a5ca74b14ff4a89316cd9faf9208) Importer(815301076,1909f56bfc062723c751e8b465ee728b) (PreviewImporter) -> (artifact id: 'c5e1b93154fd18e117b5f0b0a39e7eed') in 0.082441 seconds
Number of updated asset objects reloaded before import = 0Number of asset objects unloaded after import = 304

========================================================================
Received Import Request.
  Time since last request: 0.000029 seconds.
  path: Assets/BNG Framework/Prefabs/Backpack.prefab
  artifactKey: Guid(c99145ded050f544f93c5c074bff5ac0) Importer(815301076,1909f56bfc062723c751e8b465ee728b)
Start importing Assets/BNG Framework/Prefabs/Backpack.prefab using Guid(c99145ded050f544f93c5c074bff5ac0) Importer(815301076,1909f56bfc062723c751e8b465ee728b) (PreviewImporter) -> (artifact id: 'a0f652ddf6e23905e52011aa3ff55c31') in 0.045115 seconds
Number of updated asset objects reloaded before import = 0Number of asset objects unloaded after import = 175

========================================================================
Received Import Request.
  Time since last request: 0.000025 seconds.
  path: Assets/BNG Framework/Prefabs/Weapons/RifleClip.prefab
  artifactKey: Guid(0116c3965a703db4cb19d8b573a7531b) Importer(815301076,1909f56bfc062723c751e8b465ee728b)
Start importing Assets/BNG Framework/Prefabs/Weapons/RifleClip.prefab using Guid(0116c3965a703db4cb19d8b573a7531b) Importer(815301076,1909f56bfc062723c751e8b465ee728b) (PreviewImporter) -> (artifact id: 'f7ba41843aa28b1f1201e170ff70598e') in 0.0246099 seconds
Number of updated asset objects reloaded before import = 0Number of asset objects unloaded after import = 63

========================================================================
Received Import Request.
  Time since last request: 0.000023 seconds.
  path: Assets/BNG Framework/Prefabs/Ladder.prefab
  artifactKey: Guid(29b5a1465b2e947438e68f69e35a8fd2) Importer(815301076,1909f56bfc062723c751e8b465ee728b)
Start importing Assets/BNG Framework/Prefabs/Ladder.prefab using Guid(29b5a1465b2e947438e68f69e35a8fd2) Importer(815301076,1909f56bfc062723c751e8b465ee728b) (PreviewImporter) -> (artifact id: 'd213ddaa7a8650541c69b7a7c74228b2') in 0.0213634 seconds
Number of updated asset objects reloaded before import = 0Number of asset objects unloaded after import = 84

========================================================================
Received Import Request.
  Time since last request: 0.000018 seconds.
  path: Assets/BNG Framework/Prefabs/Weapons/ShellEmpty.prefab
  artifactKey: Guid(8e6416e07b49a3b408f1e28f76181c7e) Importer(815301076,1909f56bfc062723c751e8b465ee728b)
Start importing Assets/BNG Framework/Prefabs/Weapons/ShellEmpty.prefab using Guid(8e6416e07b49a3b408f1e28f76181c7e) Importer(815301076,1909f56bfc062723c751e8b465ee728b) (PreviewImporter) -> (artifact id: '45ad3b6bfaaaec7fa1be3e2c1ea2b90f') in 0.0182682 seconds
Number of updated asset objects reloaded before import = 0Number of asset objects unloaded after import = 22

========================================================================
Received Import Request.
  Time since last request: 20.425456 seconds.
  path: Assets/BNG Framework/Models/Weapons/Ammo/ammo.fbx
  artifactKey: Guid(9efe3d1d32a23da4a95600a131b997ab) Importer(815301076,1909f56bfc062723c751e8b465ee728b)
Start importing Assets/BNG Framework/Models/Weapons/Ammo/ammo.fbx using Guid(9efe3d1d32a23da4a95600a131b997ab) Importer(815301076,1909f56bfc062723c751e8b465ee728b) (PreviewImporter) -> (artifact id: '20d016aa912c1d3f1f2cf71f6628fe64') in 0.2448737 seconds
Number of updated asset objects reloaded before import = 0Number of asset objects unloaded after import = 96

========================================================================
Received Import Request.
  Time since last request: 10.602498 seconds.
  path: Assets/BNG Framework/Input/VRIF Default Input Actions.inputactions
  artifactKey: Guid(e39f4b35a6db18348b41eb0262520e69) Importer(815301076,1909f56bfc062723c751e8b465ee728b)
Start importing Assets/BNG Framework/Input/VRIF Default Input Actions.inputactions using Guid(e39f4b35a6db18348b41eb0262520e69) Importer(815301076,1909f56bfc062723c751e8b465ee728b) (PreviewImporter) -> (artifact id: '28c602cefc60e099804465ff8c44b525') in 0.0121474 seconds
Number of updated asset objects reloaded before import = 0Number of asset objects unloaded after import = 34

========================================================================
Received Import Request.
  Time since last request: 323.000456 seconds.
  path: Assets/Tirgames/ShootingRangeInteriors/Models/Interior/Tables/Prefabs/TableRound.prefab
  artifactKey: Guid(970b0a2bbea911a4fb9f867e6af96740) Importer(815301076,1909f56bfc062723c751e8b465ee728b)
Start importing Assets/Tirgames/ShootingRangeInteriors/Models/Interior/Tables/Prefabs/TableRound.prefab using Guid(970b0a2bbea911a4fb9f867e6af96740) Importer(815301076,1909f56bfc062723c751e8b465ee728b) (PreviewImporter) -> (artifact id: 'af25e2ebb70cef5e4ba573e9ef0a1c98') in 0.0356097 seconds
Number of updated asset objects reloaded before import = 0Number of asset objects unloaded after import = 12

========================================================================
Received Import Request.
  Time since last request: 0.000027 seconds.
  path: Assets/Prefabs/TargetBlock.prefab
  artifactKey: Guid(1f2d0874037ae7e468b47300e66da3fd) Importer(815301076,1909f56bfc062723c751e8b465ee728b)
Start importing Assets/Prefabs/TargetBlock.prefab using Guid(1f2d0874037ae7e468b47300e66da3fd) Importer(815301076,1909f56bfc062723c751e8b465ee728b) (PreviewImporter) -> (artifact id: 'd940fa0bacc815f983da95625fc3ec75') in 0.0339522 seconds
Number of updated asset objects reloaded before import = 0Number of asset objects unloaded after import = 79

========================================================================
Received Import Request.
  Time since last request: 0.000038 seconds.
  path: Assets/Samples/XR Interaction Toolkit/3.0.8/Starter Assets/DemoSceneAssets/Prefabs/UI/Text Toggle.prefab
  artifactKey: Guid(6a448845c7017044e8a9f3d711cfe825) Importer(815301076,1909f56bfc062723c751e8b465ee728b)
Start importing Assets/Samples/XR Interaction Toolkit/3.0.8/Starter Assets/DemoSceneAssets/Prefabs/UI/Text Toggle.prefab using Guid(6a448845c7017044e8a9f3d711cfe825) Importer(815301076,1909f56bfc062723c751e8b465ee728b) (PreviewImporter) -> (artifact id: '8328a4e8ae6db5a5518130a9587beab7') in 0.0107222 seconds
Number of updated asset objects reloaded before import = 0Number of asset objects unloaded after import = 28

========================================================================
Received Import Request.
  Time since last request: 0.000017 seconds.
  path: Assets/Samples/XR Interaction Toolkit/3.0.8/Starter Assets/DemoSceneAssets/Prefabs/Teleportation Environment.prefab
  artifactKey: Guid(3e07eccb5e6f459d886de95044adb1d9) Importer(815301076,1909f56bfc062723c751e8b465ee728b)
Start importing Assets/Samples/XR Interaction Toolkit/3.0.8/Starter Assets/DemoSceneAssets/Prefabs/Teleportation Environment.prefab using Guid(3e07eccb5e6f459d886de95044adb1d9) Importer(815301076,1909f56bfc062723c751e8b465ee728b) (PreviewImporter) -> (artifact id: '0d4ab2a90b447ad18a6faeff1c5df4d6') in 0.1868571 seconds
Number of updated asset objects reloaded before import = 0Number of asset objects unloaded after import = 166

Editor requested this worker to shutdown with reason: Scaling down because of idle timeout
AssetImportWorker is now disconnected from the server
Process exiting
Exiting without the bug reporter. Application will terminate with return code 0